#
# There is insufficient memory for the Java Runtime Environment to continue.
# Native memory allocation (malloc) failed to allocate 1048576 bytes for AllocateHeap
# Possible reasons:
#   The system is out of physical RAM or swap space
#   The process is running with CompressedOops enabled, and the Java Heap may be blocking the growth of the native heap
# Possible solutions:
#   Reduce memory load on the system
#   Increase physical memory or swap space
#   Check if swap backing store is full
#   Decrease Java heap size (-Xmx/-Xms)
#   Decrease number of Java threads
#   Decrease Java thread stack sizes (-Xss)
#   Set larger code cache with -XX:ReservedCodeCacheSize=
#   JVM is running with Unscaled Compressed Oops mode in which the Java heap is
#     placed in the first 4GB address space. The Java Heap base address is the
#     maximum limit for the native heap growth. Please use -XX:HeapBaseMinAddress
#     to set the Java Heap base and to place the Java Heap above 4GB virtual address.
# This output file may be truncated or incomplete.
#
#  Out of Memory Error (memory/allocation.inline.hpp:61), pid=12492, tid=0x00000000000030e0
#
# JRE version:  (8.0_211-b12) (build )
# Java VM: Java HotSpot(TM) 64-Bit Server VM (25.211-b12 mixed mode windows-amd64 compressed oops)
# Failed to write core dump. Minidumps are not enabled by default on client versions of Windows
#

---------------  T H R E A D  ---------------

Current thread (0x0000000002f32800):  JavaThread "Unknown thread" [_thread_in_vm, id=12512, stack(0x0000000002a60000,0x0000000002b60000)]

Stack: [0x0000000002a60000,0x0000000002b60000]
[error occurred during error reporting (printing stack bounds), id 0xc0000005]

Native frames: (J=compiled Java code, j=interpreted, Vv=VM code, C=native code)


---------------  P R O C E S S  ---------------

Java Threads: ( => current thread )

Other Threads:

=>0x0000000002f32800 (exited) JavaThread "Unknown thread" [_thread_in_vm, id=12512, stack(0x0000000002a60000,0x0000000002b60000)]

VM state:not at safepoint (normal execution)

VM Mutex/Monitor currently owned by a thread: None

heap address: 0x00000000c1800000, size: 1000 MB, Compressed Oops mode: 32-bit
Narrow klass base: 0x0000000000000000, Narrow klass shift: 3
Compressed class space size: 1073741824 Address: 0x0000000100000000

Heap:
 PSYoungGen      total 18944K, used 327K [0x00000000eb300000, 0x00000000ec800000, 0x0000000100000000)
  eden space 16384K, 2% used [0x00000000eb300000,0x00000000eb351ec8,0x00000000ec300000)
  from space 2560K, 0% used [0x00000000ec580000,0x00000000ec580000,0x00000000ec800000)
  to   space 2560K, 0% used [0x00000000ec300000,0x00000000ec300000,0x00000000ec580000)
 ParOldGen       total 44032K, used 0K [0x00000000c1800000, 0x00000000c4300000, 0x00000000eb300000)
  object space 44032K, 0% used [0x00000000c1800000,0x00000000c1800000,0x00000000c4300000)
 Metaspace       used 751K, capacity 4480K, committed 4480K, reserved 1056768K
  class space    used 76K, capacity 384K, committed 384K, reserved 1048576K

Card table byte_map: [0x00000000123f0000,0x00000000125f0000] byte_map_base: 0x0000000011de4000

Marking Bits: (ParMarkBitMap*) 0x00000000635f5ce0
 Begin Bits: [0x0000000012940000, 0x00000000138e0000)
 End Bits:   [0x00000000138e0000, 0x0000000014880000)

Polling page: 0x0000000001290000

CodeCache: size=245760Kb used=327Kb max_used=327Kb free=245432Kb
 bounds [0x0000000003030000, 0x00000000032a0000, 0x0000000012030000]
 total_blobs=57 nmethods=0 adapters=38
 compilation: enabled

Compilation events (0 events):
No events

GC Heap History (0 events):
No events

Deoptimization events (0 events):
No events

Classes redefined (0 events):
No events

Internal exceptions (0 events):
No events

Events (10 events):
Event: 0.030 loading class java/lang/Short
Event: 0.030 loading class java/lang/Short done
Event: 0.030 loading class java/lang/Integer
Event: 0.030 loading class java/lang/Integer done
Event: 0.030 loading class java/lang/Long
Event: 0.030 loading class java/lang/Long done
Event: 0.032 loading class java/lang/NullPointerException
Event: 0.032 loading class java/lang/NullPointerException done
Event: 0.032 loading class java/lang/ArithmeticException
Event: 0.032 loading class java/lang/ArithmeticException done


Dynamic libraries:
0x000007f64c170000 - 0x000007f64c1a7000 	C:\Program Files\Java\jre1.8.0_211\bin\javaw.exe
0x000007fbc3180000 - 0x000007fbc333d000 	C:\Windows\SYSTEM32\ntdll.dll
0x000007fbc09a0000 - 0x000007fbc0ad7000 	C:\Windows\system32\KERNEL32.DLL
0x000007fbc0390000 - 0x000007fbc0484000 	C:\Windows\system32\KERNELBASE.dll
0x000007fbc2f10000 - 0x000007fbc2fee000 	C:\Windows\system32\ADVAPI32.dll
0x000007fbc0ae0000 - 0x000007fbc0c2c000 	C:\Windows\system32\USER32.dll
0x000007fbbe140000 - 0x000007fbbe3aa000 	C:\Windows\WinSxS\amd64_microsoft.windows.common-controls_6595b64144ccf1df_6.0.9200.17359_none_4188b989718cf1c6\COMCTL32.dll
0x000007fbc1390000 - 0x000007fbc1435000 	C:\Windows\system32\msvcrt.dll
0x000007fbc2e10000 - 0x000007fbc2e58000 	C:\Windows\SYSTEM32\sechost.dll
0x000007fbc0640000 - 0x000007fbc0785000 	C:\Windows\system32\RPCRT4.dll
0x000007fbc10c0000 - 0x000007fbc1201000 	C:\Windows\system32\GDI32.dll
0x000007fbc0600000 - 0x000007fbc0639000 	C:\Windows\system32\IMM32.DLL
0x000007fbc3060000 - 0x000007fbc3176000 	C:\Windows\system32\MSCTF.dll
0x0000000062cf0000 - 0x0000000062dc2000 	C:\Program Files\Java\jre1.8.0_211\bin\msvcr100.dll
0x0000000062dd0000 - 0x0000000063675000 	C:\Program Files\Java\jre1.8.0_211\bin\server\jvm.dll
0x000007fbb5de0000 - 0x000007fbb5de9000 	C:\Windows\SYSTEM32\WSOCK32.dll
0x000007fbb5e70000 - 0x000007fbb5e90000 	C:\Windows\SYSTEM32\WINMM.dll
0x000007fbba1a0000 - 0x000007fbba1a9000 	C:\Windows\SYSTEM32\VERSION.dll
0x000007fbc0fb0000 - 0x000007fbc0fb7000 	C:\Windows\system32\PSAPI.DLL
0x000007fbc2db0000 - 0x000007fbc2e08000 	C:\Windows\system32\WS2_32.dll
0x000007fbb5e30000 - 0x000007fbb5e63000 	C:\Windows\SYSTEM32\WINMMBASE.dll
0x000007fbc1010000 - 0x000007fbc1019000 	C:\Windows\system32\NSI.dll
0x000007fbc0160000 - 0x000007fbc01af000 	C:\Windows\SYSTEM32\cfgmgr32.dll
0x000007fbc05a0000 - 0x000007fbc05c2000 	C:\Windows\system32\DEVOBJ.dll
0x000007fbb9940000 - 0x000007fbb994f000 	C:\Program Files\Java\jre1.8.0_211\bin\verify.dll
0x000007fbb1540000 - 0x000007fbb1569000 	C:\Program Files\Java\jre1.8.0_211\bin\java.dll
0x000007fbb2b40000 - 0x000007fbb2b56000 	C:\Program Files\Java\jre1.8.0_211\bin\zip.dll

VM Arguments:
jvm_args: -Dfile.encoding=MS949 
java_command: run.Run
java_class_path (initial): C:\Program Files\Java\jre1.8.0_211\lib\resources.jar;C:\Program Files\Java\jre1.8.0_211\lib\rt.jar;C:\Program Files\Java\jre1.8.0_211\lib\jsse.jar;C:\Program Files\Java\jre1.8.0_211\lib\jce.jar;C:\Program Files\Java\jre1.8.0_211\lib\charsets.jar;C:\Program Files\Java\jre1.8.0_211\lib\jfr.jar;C:\Program Files\Java\jre1.8.0_211\lib\ext\access-bridge-64.jar;C:\Program Files\Java\jre1.8.0_211\lib\ext\cldrdata.jar;C:\Program Files\Java\jre1.8.0_211\lib\ext\dnsns.jar;C:\Program Files\Java\jre1.8.0_211\lib\ext\jaccess.jar;C:\Program Files\Java\jre1.8.0_211\lib\ext\jfxrt.jar;C:\Program Files\Java\jre1.8.0_211\lib\ext\localedata.jar;C:\Program Files\Java\jre1.8.0_211\lib\ext\nashorn.jar;C:\Program Files\Java\jre1.8.0_211\lib\ext\sunec.jar;C:\Program Files\Java\jre1.8.0_211\lib\ext\sunjce_provider.jar;C:\Program Files\Java\jre1.8.0_211\lib\ext\sunmscapi.jar;C:\Program Files\Java\jre1.8.0_211\lib\ext\sunpkcs11.jar;C:\Program Files\Java\jre1.8.0_211\lib\ext\zipfs.jar;F:\workspace2\Team1_Project\bin
Launcher Type: SUN_STANDARD

Environment Variables:
JAVA_HOME=C:\Program Files\Java\jdk1.8.0_202
PATH=C:/Program Files/Java/jre1.8.0_211/bin/server;C:/Program Files/Java/jre1.8.0_211/bin;C:/Program Files/Java/jre1.8.0_211/lib/amd64;C:\Program Files (x86)\Common Files\Oracle\Java\javapath;C:\Windows\system32;C:\Windows;C:\Windows\System32\Wbem;C:\Windows\System32\WindowsPowerShell\v1.0\;C:\Program Files\Java\jdk1.8.0_202\bin;C:\Program Files\Bandizip\;;C:\eclipse;
USERNAME=user1
OS=Windows_NT
PROCESSOR_IDENTIFIER=Intel64 Family 6 Model 58 Stepping 9, GenuineIntel



---------------  S Y S T E M  ---------------

OS: Windows 8 , 64 bit Build 9200 (6.2.9200.16859)

CPU:total 2 (initial active 2) (2 cores per cpu, 1 threads per core) family 6 model 58 stepping 9, cmov, cx8, fxsr, mmx, sse, sse2, sse3, ssse3, sse4.1, sse4.2, popcnt, clmul, erms, tsc, tscinvbit, tscinv

Memory: 4k page, physical 4088944k(406260k free), swap 16671856k(5596k free)

vm_info: Java HotSpot(TM) 64-Bit Server VM (25.211-b12) for windows-amd64 JRE (1.8.0_211-b12), built on Apr  1 2019 20:53:26 by "java_re" with MS VC++ 10.0 (VS2010)

time: Tue May 21 13:01:48 2019
timezone: 대한민국 표준시
elapsed time: 0 seconds (0d 0h 0m 0s)

